<?xml version="1.0" encoding="UTF-8"?>
<!-- Generated by org.testng.reporters.JUnitReportReporter -->
<testsuite hostname="DESKTOP-FNCJLSJ" failures="0" tests="2" name="Test_Ng.Gmail_Teat$GMailTest" time="0.016" errors="0" timestamp="2022-04-26T17:49:28 IST" skipped="0">
  <testcase classname="Test_Ng.Gmail_Teat$GMailTest" name="receiveMail" time="0.011"/>
  <system-out/>
  <testcase classname="Test_Ng.Gmail_Teat$GMailTest" name="sendMail" time="0.005"/>
  <system-out/>
</testsuite> <!-- Test_Ng.Gmail_Teat$GMailTest -->
