<?xml version="1.0" encoding="UTF-8"?>
<!-- Generated by org.testng.reporters.JUnitReportReporter -->
<testsuite hostname="DESKTOP-FNCJLSJ" failures="0" tests="1" name="dATA_PROVIDER.Facebook_provider" time="0.019" errors="1" timestamp="2022-06-09T19:28:53 IST" skipped="0">
  <testcase classname="dATA_PROVIDER.Facebook_provider" name="primary_yahoo_setup" time="0.019">
    <error message="
[public void dATA_PROVIDER.Facebook_provider.primary_yahoo_setup(java.lang.String,java.lang.String,java.lang.String,java.lang.String) throws java.lang.InterruptedException] has no parameters defined but was found to be using a data provider (either explicitly specified or inherited from class level annotation).
Data provider mismatch
Method: primary_yahoo_setup([Parameter{index=0, type=java.lang.String, declaredAnnotations=[]}, Parameter{index=1, type=java.lang.String, declaredAnnotations=[]}, Parameter{index=2, type=java.lang.String, declaredAnnotations=[]}, Parameter{index=3, type=java.lang.String, declaredAnnotations=[]}])
Arguments: [([[Ljava.lang.Object;) [[Ljava.lang.Object;@2a7f1f10, [Ljava.lang.Object;@46cdf8bd, [Ljava.lang.Object;@f0c8a99],([[Ljava.lang.Object;) [[Ljava.lang.Object;@740cae06, [Ljava.lang.Object;@26d9b808, [Ljava.lang.Object;@f78a47e],([[Ljava.lang.Object;) [[Ljava.lang.Object;@644baf4a, [Ljava.lang.Object;@7526515b, [Ljava.lang.Object;@1ed4ae0f]]" type="org.testng.internal.reflect.MethodMatcherException">
      <![CDATA[org.testng.internal.reflect.MethodMatcherException: 
[public void dATA_PROVIDER.Facebook_provider.primary_yahoo_setup(java.lang.String,java.lang.String,java.lang.String,java.lang.String) throws java.lang.InterruptedException] has no parameters defined but was found to be using a data provider (either explicitly specified or inherited from class level annotation).
Data provider mismatch
Method: primary_yahoo_setup([Parameter{index=0, type=java.lang.String, declaredAnnotations=[]}, Parameter{index=1, type=java.lang.String, declaredAnnotations=[]}, Parameter{index=2, type=java.lang.String, declaredAnnotations=[]}, Parameter{index=3, type=java.lang.String, declaredAnnotations=[]}])
Arguments: [([[Ljava.lang.Object;) [[Ljava.lang.Object;@2a7f1f10, [Ljava.lang.Object;@46cdf8bd, [Ljava.lang.Object;@f0c8a99],([[Ljava.lang.Object;) [[Ljava.lang.Object;@740cae06, [Ljava.lang.Object;@26d9b808, [Ljava.lang.Object;@f78a47e],([[Ljava.lang.Object;) [[Ljava.lang.Object;@644baf4a, [Ljava.lang.Object;@7526515b, [Ljava.lang.Object;@1ed4ae0f]]
at org.testng.internal.reflect.DataProviderMethodMatcher.getConformingArguments(DataProviderMethodMatcher.java:43)
at org.testng.internal.Parameters.injectParameters(Parameters.java:914)
at org.testng.internal.MethodRunner.runInSequence(MethodRunner.java:34)
at org.testng.internal.TestInvoker$MethodInvocationAgent.invoke(TestInvoker.java:824)
at org.testng.internal.TestInvoker.invokeTestMethods(TestInvoker.java:146)
at org.testng.internal.TestMethodWorker.invokeTestMethods(TestMethodWorker.java:146)
at org.testng.internal.TestMethodWorker.run(TestMethodWorker.java:128)
at java.base/java.util.ArrayList.forEach(ArrayList.java:1511)
at org.testng.TestRunner.privateRun(TestRunner.java:794)
at org.testng.TestRunner.run(TestRunner.java:596)
at org.testng.SuiteRunner.runTest(SuiteRunner.java:377)
at org.testng.SuiteRunner.runSequentially(SuiteRunner.java:371)
at org.testng.SuiteRunner.privateRun(SuiteRunner.java:332)
at org.testng.SuiteRunner.run(SuiteRunner.java:276)
at org.testng.SuiteRunnerWorker.runSuite(SuiteRunnerWorker.java:53)
at org.testng.SuiteRunnerWorker.run(SuiteRunnerWorker.java:96)
at org.testng.TestNG.runSuitesSequentially(TestNG.java:1212)
at org.testng.TestNG.runSuitesLocally(TestNG.java:1134)
at org.testng.TestNG.runSuites(TestNG.java:1063)
at org.testng.TestNG.run(TestNG.java:1031)
at org.testng.remote.AbstractRemoteTestNG.run(AbstractRemoteTestNG.java:115)
at org.testng.remote.RemoteTestNG.initAndRun(RemoteTestNG.java:251)
at org.testng.remote.RemoteTestNG.main(RemoteTestNG.java:77)
]]>
    </error>
  </testcase> <!-- primary_yahoo_setup -->
  <system-out/>
</testsuite> <!-- dATA_PROVIDER.Facebook_provider -->
