<?xml version="1.0" encoding="UTF-8"?>
<!-- Generated by org.testng.reporters.JUnitReportReporter -->
<testsuite hostname="DESKTOP-FNCJLSJ" failures="0" tests="1" name="Action_Clas.dep_class" time="0.010" errors="0" timestamp="2023-04-29T12:46:52 IST" skipped="0">
  <testcase classname="Action_Clas.dep_class" name="test" time="0.010"/>
  <system-out/>
</testsuite> <!-- Action_Clas.dep_class -->
