<?xml version="1.0" encoding="UTF-8"?>
<!-- Generated by org.testng.reporters.JUnitReportReporter -->
<testsuite hostname="DESKTOP-FNCJLSJ" failures="0" tests="3" name="Test_Ng.google_test" time="0.280" errors="0" timestamp="2022-04-08T12:34:47 IST" skipped="0">
  <testcase classname="Test_Ng.google_test" name="img_test" time="0.017"/>
  <system-out/>
  <testcase classname="Test_Ng.google_test" name="img_testing" time="0.169"/>
  <system-out/>
  <testcase classname="Test_Ng.google_test" name="fill_char" time="0.094"/>
  <system-out/>
</testsuite> <!-- Test_Ng.google_test -->
