<?xml version="1.0" encoding="UTF-8"?>
<!-- Generated by org.testng.reporters.JUnitReportReporter -->
<testsuite hostname="DESKTOP-FNCJLSJ" failures="0" tests="8" name="dATA_PROVIDER.yahoo_provider" time="113.739" errors="0" timestamp="2022-06-13T11:46:37 IST" skipped="0">
  <testcase classname="dATA_PROVIDER.yahoo_provider" name="primary_yahoo_setup" time="13.796"/>
  <system-out/>
  <testcase classname="dATA_PROVIDER.yahoo_provider" name="primary_yahoo_setup" time="15.853"/>
  <system-out/>
  <testcase classname="dATA_PROVIDER.yahoo_provider" name="primary_yahoo_setup" time="12.369"/>
  <system-out/>
  <testcase classname="dATA_PROVIDER.yahoo_provider" name="primary_yahoo_setup" time="17.682"/>
  <system-out/>
  <testcase classname="dATA_PROVIDER.yahoo_provider" name="primary_yahoo_setup" time="13.664"/>
  <system-out/>
  <testcase classname="dATA_PROVIDER.yahoo_provider" name="primary_yahoo_setup" time="15.924"/>
  <system-out/>
  <testcase classname="dATA_PROVIDER.yahoo_provider" name="primary_yahoo_setup" time="10.387"/>
  <system-out/>
  <testcase classname="dATA_PROVIDER.yahoo_provider" name="primary_yahoo_setup" time="14.064"/>
  <system-out/>
</testsuite> <!-- dATA_PROVIDER.yahoo_provider -->
