<?xml version="1.0" encoding="UTF-8"?>
<!-- Generated by org.testng.reporters.JUnitReportReporter -->
<testsuite hostname="DESKTOP-FNCJLSJ" failures="0" tests="12" name="dATA_PROVIDER.Google_provide" time="170.961" errors="0" timestamp="2022-06-16T16:03:22 IST" skipped="0">
  <testcase classname="dATA_PROVIDER.Google_provide" name="setUp_instagram" time="11.347"/>
  <system-out/>
  <testcase classname="dATA_PROVIDER.Google_provide" name="setUp_instagram" time="12.581"/>
  <system-out/>
  <testcase classname="dATA_PROVIDER.Google_provide" name="setUp_instagram" time="13.723"/>
  <system-out/>
  <testcase classname="dATA_PROVIDER.Google_provide" name="setUp_instagram" time="12.156"/>
  <system-out/>
  <testcase classname="dATA_PROVIDER.Google_provide" name="setUp_instagram" time="11.177"/>
  <system-out/>
  <testcase classname="dATA_PROVIDER.Google_provide" name="setUp_instagram" time="13.335"/>
  <system-out/>
  <testcase classname="dATA_PROVIDER.Google_provide" name="setUp_instagram" time="13.336"/>
  <system-out/>
  <testcase classname="dATA_PROVIDER.Google_provide" name="setUp_instagram" time="9.888"/>
  <system-out/>
  <testcase classname="dATA_PROVIDER.Google_provide" name="setUp_instagram" time="14.491"/>
  <system-out/>
  <testcase classname="dATA_PROVIDER.Google_provide" name="setUp_instagram" time="23.616"/>
  <system-out/>
  <testcase classname="dATA_PROVIDER.Google_provide" name="setUp_instagram" time="21.996"/>
  <system-out/>
  <testcase classname="dATA_PROVIDER.Google_provide" name="setUp_instagram" time="13.315"/>
  <system-out/>
</testsuite> <!-- dATA_PROVIDER.Google_provide -->
