<?xml version="1.0" encoding="UTF-8"?>
<!-- Generated by org.testng.reporters.JUnitReportReporter -->
<testsuite hostname="DESKTOP-FNCJLSJ" failures="0" tests="12" name="dATA_PROVIDER.primus_bank$Creating_New_Contact" time="85.076" errors="0" timestamp="2022-10-09T15:00:05 IST" skipped="0">
  <testcase classname="dATA_PROVIDER.primus_bank$Creating_New_Contact" name="setup" time="7.207"/>
  <system-out/>
  <testcase classname="dATA_PROVIDER.primus_bank$Creating_New_Contact" name="setup" time="6.541"/>
  <system-out/>
  <testcase classname="dATA_PROVIDER.primus_bank$Creating_New_Contact" name="setup" time="6.581"/>
  <system-out/>
  <testcase classname="dATA_PROVIDER.primus_bank$Creating_New_Contact" name="setup" time="6.755"/>
  <system-out/>
  <testcase classname="dATA_PROVIDER.primus_bank$Creating_New_Contact" name="setup" time="6.944"/>
  <system-out/>
  <testcase classname="dATA_PROVIDER.primus_bank$Creating_New_Contact" name="setup" time="9.418"/>
  <system-out/>
  <testcase classname="dATA_PROVIDER.primus_bank$Creating_New_Contact" name="setup" time="6.541"/>
  <system-out/>
  <testcase classname="dATA_PROVIDER.primus_bank$Creating_New_Contact" name="setup" time="7.191"/>
  <system-out/>
  <testcase classname="dATA_PROVIDER.primus_bank$Creating_New_Contact" name="setup" time="7.543"/>
  <system-out/>
  <testcase classname="dATA_PROVIDER.primus_bank$Creating_New_Contact" name="setup" time="6.806"/>
  <system-out/>
  <testcase classname="dATA_PROVIDER.primus_bank$Creating_New_Contact" name="setup" time="6.620"/>
  <system-out/>
  <testcase classname="dATA_PROVIDER.primus_bank$Creating_New_Contact" name="setup" time="6.929"/>
  <system-out/>
</testsuite> <!-- dATA_PROVIDER.primus_bank$Creating_New_Contact -->
