<?xml version="1.0" encoding="UTF-8"?>
<!-- Generated by org.testng.reporters.JUnitReportReporter -->
<testsuite hostname="DESKTOP-FNCJLSJ" failures="0" tests="1" name="Select_Class.samle4" time="14.000" errors="0" timestamp="2023-02-24T13:41:29 IST" skipped="0">
  <testcase classname="Select_Class.samle4" name="setup" time="14.000"/>
  <system-out/>
</testsuite> <!-- Select_Class.samle4 -->
