<?xml version="1.0" encoding="UTF-8"?>
<!-- Generated by org.testng.reporters.JUnitReportReporter -->
<testsuite hostname="DESKTOP-FNCJLSJ" failures="0" tests="2" name="Test_Ng.Asertions_Use" time="24.559" errors="0" timestamp="2022-04-08T12:34:47 IST" skipped="0">
  <testcase classname="Test_Ng.Asertions_Use" name="click_about" time="12.746"/>
  <system-out/>
  <testcase classname="Test_Ng.Asertions_Use" name="googleTitleTest" time="11.813"/>
  <system-out/>
</testsuite> <!-- Test_Ng.Asertions_Use -->
