<?xml version="1.0" encoding="UTF-8"?>
<!-- Generated by org.testng.reporters.JUnitReportReporter -->
<testsuite hostname="DESKTOP-FNCJLSJ" failures="0" tests="1" name="Asersions.Sample2" time="9.985" errors="0" timestamp="2022-09-25T11:47:33 IST" skipped="0">
  <testcase classname="Asersions.Sample2" name="verifyTitle" time="9.985"/>
  <system-out/>
</testsuite> <!-- Asersions.Sample2 -->
