<?xml version="1.0" encoding="UTF-8"?>
<!-- Generated by org.testng.reporters.JUnitReportReporter -->
<testsuite hostname="DESKTOP-FNCJLSJ" failures="0" tests="3" name="Test_Ng.test_Practise" time="0.013" errors="0" timestamp="2023-01-13T18:32:56 IST" skipped="0">
  <testcase classname="Test_Ng.test_Practise" name="test1" time="0.005"/>
  <system-out/>
  <testcase classname="Test_Ng.test_Practise" name="test2" time="0.002"/>
  <system-out/>
  <testcase classname="Test_Ng.test_Practise" name="test3" time="0.006"/>
  <system-out/>
</testsuite> <!-- Test_Ng.test_Practise -->
