<?xml version="1.0" encoding="UTF-8"?>
<!-- Generated by org.testng.reporters.JUnitReportReporter -->
<testsuite hostname="DESKTOP-FNCJLSJ" failures="0" tests="1" name="Scrooll.Sample5" time="58.257" errors="0" timestamp="2022-06-27T18:06:55 IST" skipped="0">
  <testcase classname="Scrooll.Sample5" name="Scrool_By" time="58.257"/>
  <system-out/>
</testsuite> <!-- Scrooll.Sample5 -->
