<?xml version="1.0" encoding="UTF-8"?>
<!-- Generated by org.testng.reporters.JUnitReportReporter -->
<testsuite hostname="DESKTOP-FNCJLSJ" failures="0" tests="3" name="parallelTesting.RunBrowser" time="22.038" errors="0" timestamp="2023-03-01T13:22:10 IST" skipped="0">
  <testcase classname="parallelTesting.RunBrowser" name="chromeBrowser2" time="6.291"/>
  <system-out/>
  <testcase classname="parallelTesting.RunBrowser" name="chromeBrowser" time="8.940"/>
  <system-out/>
  <testcase classname="parallelTesting.RunBrowser" name="chromeBrowser3" time="6.807"/>
  <system-out/>
</testsuite> <!-- parallelTesting.RunBrowser -->
