<?xml version="1.0" encoding="UTF-8"?>
<!-- Generated by org.testng.reporters.JUnitReportReporter -->
<testsuite hostname="DESKTOP-FNCJLSJ" failures="0" tests="1" name="Orange_HRM_Login_Testing.Sample2_varifying_HRM" time="10.940" errors="0" timestamp="2022-04-15T14:34:23 IST" skipped="0">
  <testcase classname="Orange_HRM_Login_Testing.Sample2_varifying_HRM" name="varifying_Orange_HRM" time="10.940"/>
  <system-out/>
</testsuite> <!-- Orange_HRM_Login_Testing.Sample2_varifying_HRM -->
