<?xml version="1.0" encoding="UTF-8"?>
<!-- Generated by org.testng.reporters.JUnitReportReporter -->
<testsuite hostname="DESKTOP-FNCJLSJ" failures="0" tests="2" name="Test_Ng.test" time="0.011" errors="0" timestamp="2022-03-31T22:24:04 IST" skipped="0">
  <testcase classname="Test_Ng.test" name="receiveMail" time="0.010"/>
  <system-out/>
  <testcase classname="Test_Ng.test" name="sendMail" time="0.001"/>
  <system-out/>
</testsuite> <!-- Test_Ng.test -->
