<?xml version="1.0" encoding="UTF-8"?>
<!-- Generated by org.testng.reporters.JUnitReportReporter -->
<testsuite hostname="DESKTOP-FNCJLSJ" failures="0" tests="1" name="dATA_PROVIDER.account_create" time="7.491" errors="0" timestamp="2023-02-24T14:28:26 IST" skipped="0">
  <testcase classname="dATA_PROVIDER.account_create" name="primary_yahoo_setup" time="7.491"/>
  <system-out/>
</testsuite> <!-- dATA_PROVIDER.account_create -->
