<?xml version="1.0" encoding="UTF-8"?>
<!-- Generated by org.testng.reporters.JUnitReportReporter -->
<testsuite hostname="DESKTOP-FNCJLSJ" failures="0" tests="1" name="Orange_HRM_Login_Testing.Fb_Page_Login" time="146.618" errors="0" timestamp="2022-07-06T11:22:27 IST" skipped="0">
  <testcase classname="Orange_HRM_Login_Testing.Fb_Page_Login" name="login_facebook" time="146.618"/>
  <system-out/>
</testsuite> <!-- Orange_HRM_Login_Testing.Fb_Page_Login -->
