<?xml version="1.0" encoding="UTF-8"?>
<!-- Generated by org.testng.reporters.JUnitReportReporter -->
<testsuite hostname="DESKTOP-FNCJLSJ" failures="0" tests="1" name="Parameters_practise.Filling_prameters" time="7.688" errors="0" timestamp="2022-06-12T11:56:59 IST" skipped="0">
  <testcase classname="Parameters_practise.Filling_prameters" name="yahoo_login" time="7.688"/>
  <system-out/>
</testsuite> <!-- Parameters_practise.Filling_prameters -->
