<?xml version="1.0" encoding="UTF-8"?>
<!-- Generated by org.testng.reporters.JUnitReportReporter -->
<testsuite hostname="DESKTOP-FNCJLSJ" failures="0" tests="25" name="dATA_PROVIDER.Fb_Provider$Data_provider_Sample" time="177.815" errors="0" timestamp="2022-08-31T11:51:28 IST" skipped="0">
  <testcase classname="dATA_PROVIDER.Fb_Provider$Data_provider_Sample" name="setup" time="7.295"/>
  <system-out/>
  <testcase classname="dATA_PROVIDER.Fb_Provider$Data_provider_Sample" name="setup" time="6.696"/>
  <system-out/>
  <testcase classname="dATA_PROVIDER.Fb_Provider$Data_provider_Sample" name="setup" time="6.372"/>
  <system-out/>
  <testcase classname="dATA_PROVIDER.Fb_Provider$Data_provider_Sample" name="setup" time="6.937"/>
  <system-out/>
  <testcase classname="dATA_PROVIDER.Fb_Provider$Data_provider_Sample" name="setup" time="7.191"/>
  <system-out/>
  <testcase classname="dATA_PROVIDER.Fb_Provider$Data_provider_Sample" name="setup" time="7.545"/>
  <system-out/>
  <testcase classname="dATA_PROVIDER.Fb_Provider$Data_provider_Sample" name="setup" time="8.130"/>
  <system-out/>
  <testcase classname="dATA_PROVIDER.Fb_Provider$Data_provider_Sample" name="setup" time="7.117"/>
  <system-out/>
  <testcase classname="dATA_PROVIDER.Fb_Provider$Data_provider_Sample" name="setup" time="7.389"/>
  <system-out/>
  <testcase classname="dATA_PROVIDER.Fb_Provider$Data_provider_Sample" name="setup" time="7.508"/>
  <system-out/>
  <testcase classname="dATA_PROVIDER.Fb_Provider$Data_provider_Sample" name="setup" time="8.846"/>
  <system-out/>
  <testcase classname="dATA_PROVIDER.Fb_Provider$Data_provider_Sample" name="setup" time="6.543"/>
  <system-out/>
  <testcase classname="dATA_PROVIDER.Fb_Provider$Data_provider_Sample" name="setup" time="6.949"/>
  <system-out/>
  <testcase classname="dATA_PROVIDER.Fb_Provider$Data_provider_Sample" name="setup" time="6.759"/>
  <system-out/>
  <testcase classname="dATA_PROVIDER.Fb_Provider$Data_provider_Sample" name="setup" time="7.407"/>
  <system-out/>
  <testcase classname="dATA_PROVIDER.Fb_Provider$Data_provider_Sample" name="setup" time="7.591"/>
  <system-out/>
  <testcase classname="dATA_PROVIDER.Fb_Provider$Data_provider_Sample" name="setup" time="6.755"/>
  <system-out/>
  <testcase classname="dATA_PROVIDER.Fb_Provider$Data_provider_Sample" name="setup" time="6.887"/>
  <system-out/>
  <testcase classname="dATA_PROVIDER.Fb_Provider$Data_provider_Sample" name="setup" time="7.014"/>
  <system-out/>
  <testcase classname="dATA_PROVIDER.Fb_Provider$Data_provider_Sample" name="setup" time="7.293"/>
  <system-out/>
  <testcase classname="dATA_PROVIDER.Fb_Provider$Data_provider_Sample" name="setup" time="6.761"/>
  <system-out/>
  <testcase classname="dATA_PROVIDER.Fb_Provider$Data_provider_Sample" name="setup" time="6.651"/>
  <system-out/>
  <testcase classname="dATA_PROVIDER.Fb_Provider$Data_provider_Sample" name="setup" time="6.673"/>
  <system-out/>
  <testcase classname="dATA_PROVIDER.Fb_Provider$Data_provider_Sample" name="setup" time="6.647"/>
  <system-out/>
  <testcase classname="dATA_PROVIDER.Fb_Provider$Data_provider_Sample" name="setup" time="6.859"/>
  <system-out/>
</testsuite> <!-- dATA_PROVIDER.Fb_Provider$Data_provider_Sample -->
